  Automobil.cpp
  Kamion.cpp
  Main.cpp
D:\Projekti OP,OOP\Projekt_Voznipark_OOP\VSMTI_vozni_park\TextTable.h(144,1): warning C4267: 'return': conversion from 'size_t' to 'unsigned int', possible loss of data
D:\Projekti OP,OOP\Projekt_Voznipark_OOP\VSMTI_vozni_park\TextTable.h(149,1): warning C4267: 'initializing': conversion from 'size_t' to 'unsigned int', possible loss of data
D:\Projekti OP,OOP\Projekt_Voznipark_OOP\VSMTI_vozni_park\Main.cpp(267,33): warning C4101: 'i_ID': unreferenced local variable
D:\Projekti OP,OOP\Projekt_Voznipark_OOP\VSMTI_vozni_park\Main.cpp(340,37): warning C4101: 'e': unreferenced local variable
D:\Projekti OP,OOP\Projekt_Voznipark_OOP\VSMTI_vozni_park\Main.cpp(423,37): warning C4101: 'e': unreferenced local variable
D:\Projekti OP,OOP\Projekt_Voznipark_OOP\VSMTI_vozni_park\Main.cpp(506,37): warning C4101: 'e': unreferenced local variable
D:\Projekti OP,OOP\Projekt_Voznipark_OOP\VSMTI_vozni_park\Main.cpp(589,37): warning C4101: 'e': unreferenced local variable
D:\Projekti OP,OOP\Projekt_Voznipark_OOP\VSMTI_vozni_park\Main.cpp(662,33): warning C4101: 'i_ID': unreferenced local variable
D:\Projekti OP,OOP\Projekt_Voznipark_OOP\VSMTI_vozni_park\Main.cpp(745,35): warning C4101: 'e': unreferenced local variable
D:\Projekti OP,OOP\Projekt_Voznipark_OOP\VSMTI_vozni_park\Main.cpp(1047,9): warning C4101: 'Bound': unreferenced local variable
D:\Projekti OP,OOP\Projekt_Voznipark_OOP\VSMTI_vozni_park\Main.cpp(1128,33): warning C4101: 'i_ID': unreferenced local variable
D:\Projekti OP,OOP\Projekt_Voznipark_OOP\VSMTI_vozni_park\Main.cpp(1210,35): warning C4101: 'e': unreferenced local variable
D:\Projekti OP,OOP\Projekt_Voznipark_OOP\VSMTI_vozni_park\Main.cpp(1310,33): warning C4101: 'i_ID': unreferenced local variable
D:\Projekti OP,OOP\Projekt_Voznipark_OOP\VSMTI_vozni_park\Main.cpp(1383,6): warning C4101: 'i_ID2': unreferenced local variable
D:\Projekti OP,OOP\Projekt_Voznipark_OOP\VSMTI_vozni_park\Main.cpp(1437,35): warning C4101: 'e': unreferenced local variable
D:\Projekti OP,OOP\Projekt_Voznipark_OOP\VSMTI_vozni_park\Main.cpp(1472,33): warning C4101: 'i_ID': unreferenced local variable
D:\Projekti OP,OOP\Projekt_Voznipark_OOP\VSMTI_vozni_park\Main.cpp(1558,35): warning C4101: 'e': unreferenced local variable
  Motocikl.cpp
  Osoba.cpp
  Radni_stroj.cpp
  stdafx.cpp
  tinyxml2.cpp
  Vozilo.cpp
  VSMTI_vozni_park.cpp
  Zapisi.cpp
  Zaposlenik.cpp
  Generating Code...
D:\Projekti OP,OOP\Projekt_Voznipark_OOP\VSMTI_vozni_park\Main.cpp(1042): warning C4715: 'Main::Switch_ERROR_message_ALERT': not all control paths return a value
  VSMTI_vozni_park.vcxproj -> D:\Projekti OP,OOP\Projekt_Voznipark_OOP\x64\Debug\VSMTI_vozni_park.exe
